<?xml version="1.0" encoding="UTF-8"?>
<!-- Generated by org.testng.reporters.JUnitXMLReporter -->
<testsuite hostname="Test-PC" ignored="1" name="Test" tests="1" failures="0" timestamp="03 Sep 2019 13:10:50 GMT" time="26.702" errors="0">
  <testcase name="@AfterMethod beforeMethod" time="0.0" classname="com.vitger.genric.lib.BaseClass1">
    <failure type="org.openqa.selenium.UnhandledAlertException" message="Dismissed user prompt dialog: Organization Name Already Exists!: 
Build info: version: &amp;apos;3.141.59&amp;apos;, revision: &amp;apos;e82be7d358&amp;apos;, time: &amp;apos;2018-11-14T08:25:48&amp;apos;
System info: host: &amp;apos;TEST-PC&amp;apos;, ip: &amp;apos;192.168.43.50&amp;apos;, os.name: &amp;apos;Windows 7&amp;apos;, os.arch: &amp;apos;amd64&amp;apos;, os.version: &amp;apos;6.1&amp;apos;, java.version: &amp;apos;1.8.0_221&amp;apos;
Driver info: org.openqa.selenium.firefox.FirefoxDriver
Capabilities {acceptInsecureCerts: true, browserName: firefox, browserVersion: 68.0.2, javascriptEnabled: true, moz:accessibilityChecks: false, moz:buildID: 20190813150448, moz:geckodriverVersion: 0.24.0, moz:headless: false, moz:processID: 7008, moz:profile: C:\Users\Test\AppData\Local..., moz:shutdownTimeout: 60000, moz:useNonSpecCompliantPointerOrigin: false, moz:webdriverClick: true, pageLoadStrategy: normal, platform: WINDOWS, platformName: WINDOWS, platformVersion: 6.1, rotatable: false, setWindowRect: true, strictFileInteractability: false, timeouts: {implicit: 0, pageLoad: 300000, script: 30000}, unhandledPromptBehavior: dismiss and notify}
Session ID: cb3b7472-5a66-4961-84d2-73793105d02b
*** Element info: {Using=xpath, value=//img[@src=&amp;apos;themes/softed/images/user.PNG&amp;apos;]}">
      <![CDATA[org.openqa.selenium.UnhandledAlertException: Dismissed user prompt dialog: Organization Name Already Exists!: 
Build info: version: '3.141.59', revision: 'e82be7d358', time: '2018-11-14T08:25:48'
System info: host: 'TEST-PC', ip: '192.168.43.50', os.name: 'Windows 7', os.arch: 'amd64', os.version: '6.1', java.version: '1.8.0_221'
Driver info: org.openqa.selenium.firefox.FirefoxDriver
Capabilities {acceptInsecureCerts: true, browserName: firefox, browserVersion: 68.0.2, javascriptEnabled: true, moz:accessibilityChecks: false, moz:buildID: 20190813150448, moz:geckodriverVersion: 0.24.0, moz:headless: false, moz:processID: 7008, moz:profile: C:\Users\Test\AppData\Local..., moz:shutdownTimeout: 60000, moz:useNonSpecCompliantPointerOrigin: false, moz:webdriverClick: true, pageLoadStrategy: normal, platform: WINDOWS, platformName: WINDOWS, platformVersion: 6.1, rotatable: false, setWindowRect: true, strictFileInteractability: false, timeouts: {implicit: 0, pageLoad: 300000, script: 30000}, unhandledPromptBehavior: dismiss and notify}
Session ID: cb3b7472-5a66-4961-84d2-73793105d02b
*** Element info: {Using=xpath, value=//img[@src='themes/softed/images/user.PNG']}
	at org.openqa.selenium.remote.http.W3CHttpResponseCodec.decode(W3CHttpResponseCodec.java:120)
	at org.openqa.selenium.remote.http.W3CHttpResponseCodec.decode(W3CHttpResponseCodec.java:49)
	at org.openqa.selenium.remote.HttpCommandExecutor.execute(HttpCommandExecutor.java:158)
	at org.openqa.selenium.remote.service.DriverCommandExecutor.execute(DriverCommandExecutor.java:83)
	at org.openqa.selenium.remote.RemoteWebDriver.execute(RemoteWebDriver.java:552)
	at org.openqa.selenium.remote.RemoteWebDriver.findElement(RemoteWebDriver.java:323)
	at org.openqa.selenium.remote.RemoteWebDriver.findElementByXPath(RemoteWebDriver.java:428)
	at org.openqa.selenium.By$ByXPath.findElement(By.java:353)
	at org.openqa.selenium.remote.RemoteWebDriver.findElement(RemoteWebDriver.java:315)
	at com.vitger.genric.lib.BaseClass1.beforeMethod(BaseClass1.java:46)
... Removed 27 stack frames]]>
    </failure>
  </testcase> <!-- @AfterMethod beforeMethod -->
  <testcase name="createOrganisation" time="6.259" classname="com.vitger.genric.lib.CreateOrg"/>
  <testcase name="createVendorDetails" time="0.0" classname="com.vitger.genric.lib.CreateVendor">
    <ignored/>
  </testcase> <!-- createVendorDetails -->
</testsuite> <!-- Test -->
